{
  "stats": {
    "suites": 1,
    "tests": 1,
    "passes": 1,
    "pending": 0,
    "failures": 0,
    "start": "2023-10-26T12:28:17.479Z",
    "end": "2023-10-26T12:28:49.600Z",
    "duration": 32121,
    "testsRegistered": 1,
    "passPercent": 100,
    "pendingPercent": 0,
    "other": 0,
    "hasOther": false,
    "skipped": 0,
    "hasSkipped": false
  },
  "results": [
    {
      "uuid": "acd8489d-536f-48d5-a949-9abf068bdf3f",
      "title": "",
      "fullFile": "/home/runner/work/user-micro-service/user-micro-service/src/test/smoke_tests.js",
      "file": "/src/test/smoke_tests.js",
      "beforeHooks": [],
      "afterHooks": [],
      "tests": [],
      "suites": [
        {
          "uuid": "42bf730a-1166-419f-b22c-d3845ed09c27",
          "title": "User service smoke tests",
          "fullFile": "/home/runner/work/user-micro-service/user-micro-service/src/test/smoke_tests.js",
          "file": "/src/test/smoke_tests.js",
          "beforeHooks": [],
          "afterHooks": [],
          "tests": [
            {
              "title": "Smoke Test 1",
              "fullTitle": "User service smoke tests Smoke Test 1",
              "timedOut": false,
              "duration": 32117,
              "state": "passed",
              "speed": "slow",
              "pass": true,
              "fail": false,
              "pending": false,
              "context": null,
              "code": "const response = await fetch('https://user-task-3kj1.onrender.com/users');\n        expect(response.status).to.equal(200);\n        const data = await response.json();\n        console.log(data);",
              "err": {},
              "uuid": "fe3e7121-fd3b-48c6-9419-0892d024e27a",
              "parentUUID": "42bf730a-1166-419f-b22c-d3845ed09c27",
              "isHook": false,
              "skipped": false
            }
          ],
          "suites": [],
          "passes": [
            "fe3e7121-fd3b-48c6-9419-0892d024e27a"
          ],
          "failures": [],
          "pending": [],
          "skipped": [],
          "duration": 32117,
          "root": false,
          "rootEmpty": false,
          "_timeout": 2000
        }
      ],
      "passes": [],
      "failures": [],
      "pending": [],
      "skipped": [],
      "duration": 0,
      "root": true,
      "rootEmpty": true,
      "_timeout": 2000
    }
  ],
  "meta": {
    "mocha": {
      "version": "10.2.0"
    },
    "mochawesome": {
      "options": {
        "quiet": false,
        "reportFilename": "mochawesome",
        "saveHtml": true,
        "saveJson": true,
        "consoleReporter": "spec",
        "useInlineDiffs": false,
        "code": true
      },
      "version": "7.1.3"
    },
    "marge": {
      "options": null,
      "version": "6.2.0"
    }
  }
}