{
  "stats": {
    "suites": 1,
    "tests": 2,
    "passes": 1,
    "pending": 0,
    "failures": 1,
    "start": "2023-10-19T19:05:20.377Z",
    "end": "2023-10-19T19:05:53.094Z",
    "duration": 32717,
    "testsRegistered": 2,
    "passPercent": 50,
    "pendingPercent": 0,
    "other": 0,
    "hasOther": false,
    "skipped": 0,
    "hasSkipped": false
  },
  "results": [
    {
      "uuid": "2e6cb94a-0a9a-444f-89c9-28e227302592",
      "title": "",
      "fullFile": "/home/runner/work/user-micro-service/user-micro-service/src/test/user_api.js",
      "file": "/src/test/user_api.js",
      "beforeHooks": [],
      "afterHooks": [],
      "tests": [],
      "suites": [
        {
          "uuid": "40bb4241-5561-4098-80c0-7c80fb41069e",
          "title": "User Routes, Controller, and Factory (Unit Tests)",
          "fullFile": "/home/runner/work/user-micro-service/user-micro-service/src/test/user_api.js",
          "file": "/src/test/user_api.js",
          "beforeHooks": [],
          "afterHooks": [],
          "tests": [
            {
              "title": "User Routes, Controller, and Factory (Unit Tests)",
              "fullTitle": "User Routes, Controller, and Factory (Unit Tests) User Routes, Controller, and Factory (Unit Tests)",
              "timedOut": false,
              "duration": 32309,
              "state": "passed",
              "speed": "slow",
              "pass": true,
              "fail": false,
              "pending": false,
              "context": null,
              "code": "const response = await fetch('https://user-task-3kj1.onrender.com/users');\n      expect(response.status).to.equal(200);\n      const data = await response.json();\n      console.log(data);",
              "err": {},
              "uuid": "cc2d5536-f6eb-4144-b449-bd950ffed342",
              "parentUUID": "40bb4241-5561-4098-80c0-7c80fb41069e",
              "isHook": false,
              "skipped": false
            },
            {
              "title": "User Routes, Controller, and Factory (Unit Tests)",
              "fullTitle": "User Routes, Controller, and Factory (Unit Tests) User Routes, Controller, and Factory (Unit Tests)",
              "timedOut": false,
              "duration": 401,
              "state": "failed",
              "speed": null,
              "pass": false,
              "fail": true,
              "pending": false,
              "context": null,
              "code": "const response = await fetch('https://user-task-3kj1.onrender.com/users');\n        expect(response.status).to.equal(400);\n        const data = await response.json();\n        console.log(data);",
              "err": {
                "message": "AssertionError: expected 200 to equal 400",
                "estack": "AssertionError: expected 200 to equal 400\n    at Context.<anonymous> (src/test/user_api.js:18:36)\n    at process.processTicksAndRejections (node:internal/process/task_queues:95:5)",
                "diff": "- 200\n+ 400\n"
              },
              "uuid": "8ae20cb8-344e-4859-8226-19e7fc8b2026",
              "parentUUID": "40bb4241-5561-4098-80c0-7c80fb41069e",
              "isHook": false,
              "skipped": false
            }
          ],
          "suites": [],
          "passes": [
            "cc2d5536-f6eb-4144-b449-bd950ffed342"
          ],
          "failures": [
            "8ae20cb8-344e-4859-8226-19e7fc8b2026"
          ],
          "pending": [],
          "skipped": [],
          "duration": 32710,
          "root": false,
          "rootEmpty": false,
          "_timeout": 2000
        }
      ],
      "passes": [],
      "failures": [],
      "pending": [],
      "skipped": [],
      "duration": 0,
      "root": true,
      "rootEmpty": true,
      "_timeout": 2000
    }
  ],
  "meta": {
    "mocha": {
      "version": "10.2.0"
    },
    "mochawesome": {
      "options": {
        "quiet": false,
        "reportFilename": "mochawesome",
        "saveHtml": true,
        "saveJson": true,
        "consoleReporter": "spec",
        "useInlineDiffs": false,
        "code": true
      },
      "version": "7.1.3"
    },
    "marge": {
      "options": null,
      "version": "6.2.0"
    }
  }
}